<?xml version="1.0" encoding="UTF-8"?>
<!-- Generated by org.testng.reporters.JUnitReportReporter -->
<testsuite skipped="0" hostname="OJAS-DD254" name="com.spicejet.org.Spicejet" tests="1" failures="0" timestamp="16 Mar 2021 10:16:56 GMT" time="35.186" errors="0">
  <testcase name="Multicity" time="35.186" classname="com.spicejet.org.Spicejet"/>
</testsuite> <!-- com.spicejet.org.Spicejet -->
